Arguments: 
  /usr/local/bin/node /usr/local/Cellar/yarn/1.17.3/libexec/bin/yarn.js add --dev pracel-bundler

PATH: 
  /Users/barborakadlcikova/.rvm/gems/ruby-2.6.1/bin:/Users/barborakadlcikova/.rvm/gems/ruby-2.6.1@global/bin:/Users/barborakadlcikova/.rvm/rubies/ruby-2.6.1/bin:/Applications/Postgres.app/Contents/Versions/latest/bin:/usr/local:/usr/local/bin:/usr/local/sbin:/usr/bin:/usr/local/bin:/usr/bin:/bin:/usr/sbin:/sbin:/Users/barborakadlcikova/.rvm/gems/ruby-2.6.1/bin:/Users/barborakadlcikova/.rvm/gems/ruby-2.6.1@global/bin:/Users/barborakadlcikova/.rvm/rubies/ruby-2.6.1/bin:/Applications/Postgres.app/Contents/Versions/latest/bin:/usr/local:/usr/local/sbin:/Users/barborakadlcikova/.rvm/bin

Yarn version: 
  1.17.3

Node version: 
  10.16.3

Platform: 
  darwin x64

Trace: 
  Error: https://registry.yarnpkg.com/pracel-bundler: Not found
      at Request.params.callback [as _callback] (/usr/local/Cellar/yarn/1.17.3/libexec/lib/cli.js:66830:18)
      at Request.self.callback (/usr/local/Cellar/yarn/1.17.3/libexec/lib/cli.js:140464:22)
      at Request.emit (events.js:198:13)
      at Request.<anonymous> (/usr/local/Cellar/yarn/1.17.3/libexec/lib/cli.js:141436:10)
      at Request.emit (events.js:198:13)
      at IncomingMessage.<anonymous> (/usr/local/Cellar/yarn/1.17.3/libexec/lib/cli.js:141358:12)
      at Object.onceWrapper (events.js:286:20)
      at IncomingMessage.emit (events.js:203:15)
      at endReadableNT (_stream_readable.js:1145:12)
      at process._tickCallback (internal/process/next_tick.js:63:19)

npm manifest: 
  {
    "name": "tronc-calculator",
    "version": "0.1.0",
    "description": "Calculate your tronc and pay",
    "main": "index.js",
    "author": "Andrius Jurgsaitis",
    "license": "Apache-2.0"
  }

yarn manifest: 
  No manifest

Lockfile: 
  No lockfile
